<?xml version="1.0" encoding="UTF-8"?>
<!-- Generated by org.testng.reporters.JUnitReportReporter -->
<testsuite hostname="Satyans-MacBook-Air.local" failures="0" tests="3" name="runner.TestRunner" time="1.225" errors="0" timestamp="2025-03-06T19:53:02 IST" skipped="0">
  <testcase classname="runner.TestRunner" name="runScenario" time="0.050"/>
  <testcase classname="runner.TestRunner" name="runScenario" time="1.127"/>
  <testcase classname="runner.TestRunner" name="runScenario" time="0.048"/>
</testsuite> <!-- runner.TestRunner -->
